{
  "stats": {
    "suites": 1,
    "tests": 1,
    "passes": 1,
    "pending": 0,
    "failures": 0,
    "start": "2025-07-07T18:57:30.623Z",
    "end": "2025-07-07T18:57:35.753Z",
    "duration": 5130,
    "testsRegistered": 1,
    "passPercent": 100,
    "pendingPercent": 0,
    "other": 0,
    "hasOther": false,
    "skipped": 0,
    "hasSkipped": false
  },
  "results": [
    {
      "uuid": "7a4e7deb-1e73-4e77-9ad3-bf766a37905d",
      "title": "",
      "fullFile": "D:\\SeleniumDemo\\selenium-with-mocha-awesome\\test\\testSample.js",
      "file": "\\test\\testSample.js",
      "beforeHooks": [],
      "afterHooks": [],
      "tests": [],
      "suites": [
        {
          "uuid": "4979c119-e8c0-4c91-9705-3f20b960f32b",
          "title": "should test google",
          "fullFile": "D:\\SeleniumDemo\\selenium-with-mocha-awesome\\test\\testSample.js",
          "file": "\\test\\testSample.js",
          "beforeHooks": [],
          "afterHooks": [],
          "tests": [
            {
              "title": "should open google and search for selenium",
              "fullTitle": "should test google should open google and search for selenium",
              "timedOut": false,
              "duration": 5119,
              "state": "passed",
              "speed": "slow",
              "pass": true,
              "fail": false,
              "pending": false,
              "context": null,
              "code": "const options = new chrome.Options();\nconst logPath = path.resolve('./chromedriver.log');\nconst service = new ServiceBuilder(chromedriver.path)\n  .loggingTo(logPath)\n  .enableVerboseLogging();\ndriver = await new Builder()\n.forBrowser('chrome')\n.setChromeOptions(options)\n.setChromeService(service)\n.build();\n  console.log('Driver started successfully');\nconsole.log('Opening Google...');\nawait driver.get('https://www.google.com/');\nconst searchbar = await driver.findElement(By.css('textarea[name=\"q\"]'));\nconsole.log('Typing search query...');\nawait searchbar.sendKeys('selenium', Key.ENTER);\nconsole.log('Waiting for title to contain \"selenium\"...');\nawait driver.wait(until.titleContains('selenium'), 10000);\nconst title = await driver.getTitle();\nconsole.log('Page title:', title);\nassert.ok(title.toLowerCase().includes('selenium'));\nif (driver) {\n  console.log('Quitting driver...');\n  await driver.quit();\n}",
              "err": {},
              "uuid": "a4111d8f-69f2-4cb1-858d-5f6a9448a311",
              "parentUUID": "4979c119-e8c0-4c91-9705-3f20b960f32b",
              "isHook": false,
              "skipped": false
            }
          ],
          "suites": [],
          "passes": [
            "a4111d8f-69f2-4cb1-858d-5f6a9448a311"
          ],
          "failures": [],
          "pending": [],
          "skipped": [],
          "duration": 5119,
          "root": false,
          "rootEmpty": false,
          "_timeout": 20000
        }
      ],
      "passes": [],
      "failures": [],
      "pending": [],
      "skipped": [],
      "duration": 0,
      "root": true,
      "rootEmpty": true,
      "_timeout": 2000
    }
  ],
  "meta": {
    "mocha": {
      "version": "11.7.1"
    },
    "mochawesome": {
      "options": {
        "quiet": false,
        "reportFilename": "mochawesome",
        "saveHtml": true,
        "saveJson": true,
        "consoleReporter": "spec",
        "useInlineDiffs": false,
        "code": true
      },
      "version": "7.1.3"
    },
    "marge": {
      "options": null,
      "version": "6.2.0"
    }
  }
}